<?xml version="1.0" encoding="UTF-8"?>
<testng-results ignored="0" total="1" passed="1" failed="0" skipped="0">
  <reporter-output>
  </reporter-output>
  <suite started-at="2025-03-11T15:26:25 IST" name="Suite" finished-at="2025-03-11T15:26:37 IST" duration-ms="11921">
    <groups>
    </groups>
    <test started-at="2025-03-11T15:26:25 IST" name="Test" finished-at="2025-03-11T15:26:37 IST" duration-ms="11921">
      <class name="TestCases01.TC_02_SearchHotel">
        <test-method is-config="true" signature="openApplication(java.lang.String,java.lang.String)[pri:0, instance:TestCases01.TC_02_SearchHotel@776aec5c]" started-at="2025-03-11T15:26:26 IST" name="openApplication" finished-at="2025-03-11T15:26:34 IST" duration-ms="8028" status="PASS">
          <params>
            <param index="0">
              <value>
                <![CDATA[chrome]]>
              </value>
            </param>
            <param index="1">
              <value>
                <![CDATA[https://adactinhotelapp.com/]]>
              </value>
            </param>
          </params>
          <reporter-output>
          </reporter-output>
        </test-method> <!-- openApplication -->
        <test-method signature="SearchHotel01()[pri:0, instance:TestCases01.TC_02_SearchHotel@776aec5c]" started-at="2025-03-11T15:26:34 IST" name="SearchHotel01" finished-at="2025-03-11T15:26:36 IST" duration-ms="2696" status="PASS">
          <reporter-output>
          </reporter-output>
        </test-method> <!-- SearchHotel01 -->
        <test-method is-config="true" signature="closeApplication()[pri:0, instance:TestCases01.TC_02_SearchHotel@776aec5c]" started-at="2025-03-11T15:26:36 IST" name="closeApplication" finished-at="2025-03-11T15:26:37 IST" duration-ms="358" status="PASS">
          <reporter-output>
          </reporter-output>
        </test-method> <!-- closeApplication -->
      </class> <!-- TestCases01.TC_02_SearchHotel -->
    </test> <!-- Test -->
  </suite> <!-- Suite -->
</testng-results>
